<?xml version="1.0" encoding="UTF-8"?>
<!-- Generated by org.testng.reporters.JUnitXMLReporter -->
<testsuite ignored="0" hostname="DESKTOP-1ACALON" failures="1" tests="1" name="Test(failed)" time="15.287" errors="0" timestamp="2023-06-13T15:25:02 IST">
  <testcase classname="testCases.TC_001_AccountRegistrationTest" name="test_registrationaccount" time="3.081">
    <failure type="java.lang.AssertionError" message="expected [Your registration completed] but found []">
      <![CDATA[java.lang.AssertionError: expected [Your registration completed] but found []
at testCases.TC_001_AccountRegistrationTest.test_registrationaccount(TC_001_AccountRegistrationTest.java:42)
at java.base/java.util.ArrayList.forEach(ArrayList.java:1511)
... Removed 31 stack frames]]>
    </failure>
  </testcase> <!-- test_registrationaccount -->
</testsuite> <!-- Test(failed) -->
